#
# There is insufficient memory for the Java Runtime Environment to continue.
# Native memory allocation (mmap) failed to map 173015040 bytes. Error detail: G1 virtual space
# Possible reasons:
#   The system is out of physical RAM or swap space
#   This process is running with CompressedOops enabled, and the Java Heap may be blocking the growth of the native heap
# Possible solutions:
#   Reduce memory load on the system
#   Increase physical memory or swap space
#   Check if swap backing store is full
#   Decrease Java heap size (-Xmx/-Xms)
#   Decrease number of Java threads
#   Decrease Java thread stack sizes (-Xss)
#   Set larger code cache with -XX:ReservedCodeCacheSize=
#   JVM is running with Unscaled Compressed Oops mode in which the Java heap is
#     placed in the first 4GB address space. The Java Heap base address is the
#     maximum limit for the native heap growth. Please use -XX:HeapBaseMinAddress
#     to set the Java Heap base and to place the Java Heap above 4GB virtual address.
# This output file may be truncated or incomplete.
#
#  Out of Memory Error (os_windows.cpp:3679), pid=13692, tid=7624
#
# JRE version: OpenJDK Runtime Environment Microsoft-10376486 (17.0.13+11) (build 17.0.13+11-LTS)
# Java VM: OpenJDK 64-Bit Server VM Microsoft-10376486 (17.0.13+11-LTS, mixed mode, sharing, tiered, compressed oops, compressed class ptrs, g1 gc, windows-amd64)
# No core dump will be written. Minidumps are not enabled by default on client versions of Windows
#

---------------  S U M M A R Y ------------

Command Line: -Dclassworlds.conf=C:/Users/HP/.m2/wrapper/dists/apache-maven-3.9.9/3477a4f1/bin/m2.conf -Dmaven.home=C:/Users/HP/.m2/wrapper/dists/apache-maven-3.9.9/3477a4f1 -Dlibrary.jansi.path=C:/Users/HP/.m2/wrapper/dists/apache-maven-3.9.9/3477a4f1/lib/jansi-native -Dmaven.multiModuleProjectDirectory=C:/Users/HP/OneDrive/Desktop/Odin360back-end/Odin-360-backend org.codehaus.plexus.classworlds.launcher.Launcher spring-boot:run

Host: AMD PRO A8-9600B R5, 10 COMPUTE CORES 4C+6G    , 4 cores, 6G,  Windows 11 , 64 bit Build 22000 (10.0.22000.2538)
Time: Tue Jul 29 21:13:33 2025 Greenwich Standard Time elapsed time: 75.511357 seconds (0d 0h 1m 15s)

---------------  T H R E A D  ---------------

Current thread (0x0000022fd4f97e20):  VMThread "VM Thread" [stack: 0x000000a54de00000,0x000000a54df00000] [id=7624]

Stack: [0x000000a54de00000,0x000000a54df00000]
Native frames: (J=compiled Java code, j=interpreted, Vv=VM code, C=native code)
V  [jvm.dll+0x687fc9]
V  [jvm.dll+0x83eeb8]
V  [jvm.dll+0x840963]
V  [jvm.dll+0x840fd3]
V  [jvm.dll+0x24951f]
V  [jvm.dll+0x684f89]
V  [jvm.dll+0x6794aa]
V  [jvm.dll+0x30ad27]
V  [jvm.dll+0x312296]
V  [jvm.dll+0x362bde]
V  [jvm.dll+0x362e1d]
V  [jvm.dll+0x2e1fbc]
V  [jvm.dll+0x2e0369]
V  [jvm.dll+0x2dfacc]
V  [jvm.dll+0x32267b]
V  [jvm.dll+0x84580d]
V  [jvm.dll+0x846543]
V  [jvm.dll+0x846a6f]
V  [jvm.dll+0x846e54]
V  [jvm.dll+0x846f1e]
V  [jvm.dll+0x7eea6c]
V  [jvm.dll+0x686ea7]
C  [ucrtbase.dll+0x26c0c]
C  [KERNEL32.DLL+0x153e0]
C  [ntdll.dll+0x485b]

VM_Operation (0x000000a54d8fc4d0): G1CollectForAllocation, mode: safepoint, requested by thread 0x0000022fb7dda560


---------------  P R O C E S S  ---------------

Threads class SMR info:
_java_thread_list=0x000002301c7a0fd0, length=13, elements={
0x0000022fb7dda560, 0x0000022fd4f9e780, 0x0000022fd4f9f510, 0x0000022fd4fb7890,
0x0000022fd4fbe990, 0x0000022fd4fc1110, 0x0000022fd4fc1620, 0x0000022fd4fcb680,
0x0000022fd4fd1660, 0x0000022fd4fd6790, 0x0000022fd4fc01e0, 0x0000022fd4fbf2b0,
0x0000022fd4fc2a60
}

Java Threads: ( => current thread )
  0x0000022fb7dda560 JavaThread "main" [_thread_blocked, id=12092, stack(0x000000a54d800000,0x000000a54d900000)]
  0x0000022fd4f9e780 JavaThread "Reference Handler" daemon [_thread_blocked, id=14496, stack(0x000000a54df00000,0x000000a54e000000)]
  0x0000022fd4f9f510 JavaThread "Finalizer" daemon [_thread_blocked, id=19160, stack(0x000000a54e000000,0x000000a54e100000)]
  0x0000022fd4fb7890 JavaThread "Signal Dispatcher" daemon [_thread_blocked, id=4544, stack(0x000000a54e100000,0x000000a54e200000)]
  0x0000022fd4fbe990 JavaThread "Attach Listener" daemon [_thread_blocked, id=12668, stack(0x000000a54e200000,0x000000a54e300000)]
  0x0000022fd4fc1110 JavaThread "Service Thread" daemon [_thread_blocked, id=17596, stack(0x000000a54e300000,0x000000a54e400000)]
  0x0000022fd4fc1620 JavaThread "Monitor Deflation Thread" daemon [_thread_blocked, id=8836, stack(0x000000a54e400000,0x000000a54e500000)]
  0x0000022fd4fcb680 JavaThread "C2 CompilerThread0" daemon [_thread_blocked, id=2860, stack(0x000000a54e500000,0x000000a54e600000)]
  0x0000022fd4fd1660 JavaThread "C1 CompilerThread0" daemon [_thread_blocked, id=11380, stack(0x000000a54e600000,0x000000a54e700000)]
  0x0000022fd4fd6790 JavaThread "Sweeper thread" daemon [_thread_blocked, id=8996, stack(0x000000a54e700000,0x000000a54e800000)]
  0x0000022fd4fc01e0 JavaThread "Notification Thread" daemon [_thread_blocked, id=16000, stack(0x000000a54e800000,0x000000a54e900000)]
  0x0000022fd4fbf2b0 JavaThread "Common-Cleaner" daemon [_thread_blocked, id=16352, stack(0x000000a54ea00000,0x000000a54eb00000)]
  0x0000022fd4fc2a60 JavaThread "Thread-1" daemon [_thread_blocked, id=8652, stack(0x000000a54ef00000,0x000000a54f000000)]

Other Threads:
=>0x0000022fd4f97e20 VMThread "VM Thread" [stack: 0x000000a54de00000,0x000000a54df00000] [id=7624]
  0x0000022fd50ff0b0 WatcherThread [stack: 0x000000a54e900000,0x000000a54ea00000] [id=9796]
  0x0000022fb7e2bf60 GCTaskThread "GC Thread#0" [stack: 0x000000a54d900000,0x000000a54da00000] [id=18496]
  0x0000022fd5707920 GCTaskThread "GC Thread#1" [stack: 0x000000a54eb00000,0x000000a54ec00000] [id=18788]
  0x0000022fd5981ee0 GCTaskThread "GC Thread#2" [stack: 0x000000a54ec00000,0x000000a54ed00000] [id=8896]
  0x0000022fd599f460 GCTaskThread "GC Thread#3" [stack: 0x000000a54ed00000,0x000000a54ee00000] [id=7552]
  0x0000022fb7e3acb0 ConcurrentGCThread "G1 Main Marker" [stack: 0x000000a54da00000,0x000000a54db00000] [id=11104]
  0x0000022fb7e3c6e0 ConcurrentGCThread "G1 Conc#0" [stack: 0x000000a54db00000,0x000000a54dc00000] [id=6916]
  0x0000022fb7e85980 ConcurrentGCThread "G1 Refine#0" [stack: 0x000000a54dc00000,0x000000a54dd00000] [id=18492]
  0x0000022fd5384220 ConcurrentGCThread "G1 Refine#1" [stack: 0x000000a54f000000,0x000000a54f100000] [id=10280]
  0x000002301b0b4720 ConcurrentGCThread "G1 Refine#2" [stack: 0x000000a54f100000,0x000000a54f200000] [id=18348]
  0x0000022fd4e60490 ConcurrentGCThread "G1 Service" [stack: 0x000000a54dd00000,0x000000a54de00000] [id=16932]

Threads with active compile tasks:

VM state: at safepoint (normal execution)

VM Mutex/Monitor currently owned by a thread:  ([mutex/lock_event])
[0x0000022fb7dd5d10] Threads_lock - owner thread: 0x0000022fd4f97e20
[0x0000022fb7dd6970] Heap_lock - owner thread: 0x0000022fb7dda560

Heap address: 0x0000000091000000, size: 1776 MB, Compressed Oops mode: 32-bit

CDS archive(s) mapped at: [0x0000022fd6000000-0x0000022fd6bb0000-0x0000022fd6bb0000), size 12255232, SharedBaseAddress: 0x0000022fd6000000, ArchiveRelocationMode: 1.
Compressed class space mapped at: 0x0000022fd7000000-0x0000023017000000, reserved size: 1073741824
Narrow klass base: 0x0000022fd6000000, Narrow klass shift: 0, Narrow klass range: 0x100000000

GC Precious Log:
 CPUs: 4 total, 4 available
 Memory: 7098M
 Large Page Support: Disabled
 NUMA Support: Disabled
 Compressed Oops: Enabled (32-bit)
 Heap Region Size: 1M
 Heap Min Capacity: 8M
 Heap Initial Capacity: 112M
 Heap Max Capacity: 1776M
 Pre-touch: Disabled
 Parallel Workers: 4
 Concurrent Workers: 1
 Concurrent Refinement Workers: 4
 Periodic GC: Disabled

Heap:
 garbage-first heap   total 122880K, used 68353K [0x0000000091000000, 0x0000000100000000)
  region size 1024K, 3 young (3072K), 3 survivors (3072K)
 Metaspace       used 38508K, committed 38912K, reserved 1114112K
  class space    used 4419K, committed 4608K, reserved 1048576K

Heap Regions: E=young(eden), S=young(survivor), O=old, HS=humongous(starts), HC=humongous(continues), CS=collection set, F=free, OA=open archive, CA=closed archive, TAMS=top-at-mark-start (previous, next)
|   0|0x0000000091000000, 0x0000000091100000, 0x0000000091100000|100%| O|  |TAMS 0x0000000091100000, 0x0000000091100000| Untracked 
|   1|0x0000000091100000, 0x0000000091200000, 0x0000000091200000|100%| O|  |TAMS 0x0000000091200000, 0x0000000091200000| Untracked 
|   2|0x0000000091200000, 0x0000000091300000, 0x0000000091300000|100%| O|  |TAMS 0x0000000091300000, 0x0000000091300000| Untracked 
|   3|0x0000000091300000, 0x0000000091400000, 0x0000000091400000|100%| O|  |TAMS 0x0000000091400000, 0x0000000091400000| Untracked 
|   4|0x0000000091400000, 0x0000000091500000, 0x0000000091500000|100%| O|  |TAMS 0x0000000091400000, 0x0000000091400000| Untracked 
|   5|0x0000000091500000, 0x0000000091600000, 0x0000000091600000|100%| O|  |TAMS 0x0000000091600000, 0x0000000091600000| Untracked 
|   6|0x0000000091600000, 0x0000000091700000, 0x0000000091700000|100%| O|  |TAMS 0x0000000091600000, 0x0000000091700000| Untracked 
|   7|0x0000000091700000, 0x0000000091800000, 0x0000000091800000|100%| O|  |TAMS 0x0000000091700000, 0x0000000091700000| Untracked 
|   8|0x0000000091800000, 0x0000000091900000, 0x0000000091900000|100%| O|  |TAMS 0x0000000091900000, 0x0000000091900000| Untracked 
|   9|0x0000000091900000, 0x0000000091a00000, 0x0000000091a00000|100%| O|  |TAMS 0x0000000091a00000, 0x0000000091a00000| Untracked 
|  10|0x0000000091a00000, 0x0000000091b00000, 0x0000000091b00000|100%| O|  |TAMS 0x0000000091b00000, 0x0000000091b00000| Untracked 
|  11|0x0000000091b00000, 0x0000000091c00000, 0x0000000091c00000|100%| O|  |TAMS 0x0000000091c00000, 0x0000000091c00000| Untracked 
|  12|0x0000000091c00000, 0x0000000091d00000, 0x0000000091d00000|100%| O|  |TAMS 0x0000000091d00000, 0x0000000091d00000| Untracked 
|  13|0x0000000091d00000, 0x0000000091e00000, 0x0000000091e00000|100%| O|  |TAMS 0x0000000091e00000, 0x0000000091e00000| Untracked 
|  14|0x0000000091e00000, 0x0000000091f00000, 0x0000000091f00000|100%| O|  |TAMS 0x0000000091f00000, 0x0000000091f00000| Untracked 
|  15|0x0000000091f00000, 0x0000000092000000, 0x0000000092000000|100%| O|  |TAMS 0x0000000092000000, 0x0000000092000000| Untracked 
|  16|0x0000000092000000, 0x0000000092100000, 0x0000000092100000|100%| O|  |TAMS 0x0000000092000000, 0x0000000092000000| Untracked 
|  17|0x0000000092100000, 0x0000000092200000, 0x0000000092200000|100%| O|  |TAMS 0x0000000092200000, 0x0000000092200000| Untracked 
|  18|0x0000000092200000, 0x0000000092300000, 0x0000000092300000|100%| O|  |TAMS 0x0000000092300000, 0x0000000092300000| Untracked 
|  19|0x0000000092300000, 0x0000000092400000, 0x0000000092400000|100%| O|  |TAMS 0x0000000092400000, 0x0000000092400000| Untracked 
|  20|0x0000000092400000, 0x0000000092500000, 0x0000000092500000|100%| O|  |TAMS 0x0000000092400000, 0x0000000092400000| Untracked 
|  21|0x0000000092500000, 0x00000000925c0600, 0x0000000092600000| 75%| O|  |TAMS 0x0000000092500000, 0x0000000092500000| Untracked 
|  22|0x0000000092600000, 0x0000000092700000, 0x0000000092700000|100%| O|  |TAMS 0x0000000092700000, 0x0000000092700000| Untracked 
|  23|0x0000000092700000, 0x0000000092700000, 0x0000000092800000|  0%| F|  |TAMS 0x0000000092700000, 0x0000000092700000| Untracked 
|  24|0x0000000092800000, 0x0000000092800000, 0x0000000092900000|  0%| F|  |TAMS 0x0000000092800000, 0x0000000092800000| Untracked 
|  25|0x0000000092900000, 0x0000000092a00000, 0x0000000092a00000|100%| O|  |TAMS 0x0000000092900000, 0x0000000092a00000| Untracked 
|  26|0x0000000092a00000, 0x0000000092b00000, 0x0000000092b00000|100%| O|  |TAMS 0x0000000092b00000, 0x0000000092b00000| Untracked 
|  27|0x0000000092b00000, 0x0000000092b00000, 0x0000000092c00000|  0%| F|  |TAMS 0x0000000092b00000, 0x0000000092b00000| Untracked 
|  28|0x0000000092c00000, 0x0000000092d00000, 0x0000000092d00000|100%| O|  |TAMS 0x0000000092d00000, 0x0000000092d00000| Untracked 
|  29|0x0000000092d00000, 0x0000000092e00000, 0x0000000092e00000|100%| O|  |TAMS 0x0000000092e00000, 0x0000000092e00000| Untracked 
|  30|0x0000000092e00000, 0x0000000092f00000, 0x0000000092f00000|100%| O|  |TAMS 0x0000000092f00000, 0x0000000092f00000| Untracked 
|  31|0x0000000092f00000, 0x0000000093000000, 0x0000000093000000|100%| O|  |TAMS 0x0000000093000000, 0x0000000093000000| Untracked 
|  32|0x0000000093000000, 0x0000000093100000, 0x0000000093100000|100%| O|  |TAMS 0x0000000093100000, 0x0000000093100000| Untracked 
|  33|0x0000000093100000, 0x0000000093200000, 0x0000000093200000|100%| O|  |TAMS 0x0000000093200000, 0x0000000093200000| Untracked 
|  34|0x0000000093200000, 0x0000000093300000, 0x0000000093300000|100%| O|  |TAMS 0x0000000093300000, 0x0000000093300000| Untracked 
|  35|0x0000000093300000, 0x0000000093400000, 0x0000000093400000|100%| O|  |TAMS 0x00000000933d1800, 0x0000000093400000| Untracked 
|  36|0x0000000093400000, 0x0000000093500000, 0x0000000093500000|100%| O|  |TAMS 0x0000000093400000, 0x0000000093500000| Untracked 
|  37|0x0000000093500000, 0x0000000093600000, 0x0000000093600000|100%|HS|  |TAMS 0x0000000093500000, 0x0000000093600000| Complete 
|  38|0x0000000093600000, 0x0000000093700000, 0x0000000093700000|100%|HC|  |TAMS 0x0000000093600000, 0x0000000093700000| Complete 
|  39|0x0000000093700000, 0x0000000093800000, 0x0000000093800000|100%|HS|  |TAMS 0x0000000093800000, 0x0000000093800000| Complete 
|  40|0x0000000093800000, 0x0000000093900000, 0x0000000093900000|100%|HC|  |TAMS 0x0000000093900000, 0x0000000093900000| Complete 
|  41|0x0000000093900000, 0x0000000093a00000, 0x0000000093a00000|100%|HS|  |TAMS 0x0000000093900000, 0x0000000093a00000| Complete 
|  42|0x0000000093a00000, 0x0000000093b00000, 0x0000000093b00000|100%|HS|  |TAMS 0x0000000093a00000, 0x0000000093b00000| Complete 
|  43|0x0000000093b00000, 0x0000000093c00000, 0x0000000093c00000|100%| O|  |TAMS 0x0000000093b00000, 0x0000000093c00000| Untracked 
|  44|0x0000000093c00000, 0x0000000093d00000, 0x0000000093d00000|100%| O|  |TAMS 0x0000000093c00000, 0x0000000093d00000| Untracked 
|  45|0x0000000093d00000, 0x0000000093e00000, 0x0000000093e00000|100%| O|  |TAMS 0x0000000093e00000, 0x0000000093e00000| Untracked 
|  46|0x0000000093e00000, 0x0000000093f00000, 0x0000000093f00000|100%| O|  |TAMS 0x0000000093f00000, 0x0000000093f00000| Untracked 
|  47|0x0000000093f00000, 0x0000000094000000, 0x0000000094000000|100%| O|  |TAMS 0x0000000094000000, 0x0000000094000000| Untracked 
|  48|0x0000000094000000, 0x0000000094100000, 0x0000000094100000|100%| O|  |TAMS 0x0000000094100000, 0x0000000094100000| Untracked 
|  49|0x0000000094100000, 0x0000000094200000, 0x0000000094200000|100%| O|  |TAMS 0x0000000094200000, 0x0000000094200000| Untracked 
|  50|0x0000000094200000, 0x0000000094300000, 0x0000000094300000|100%| O|  |TAMS 0x0000000094300000, 0x0000000094300000| Untracked 
|  51|0x0000000094300000, 0x0000000094400000, 0x0000000094400000|100%| O|  |TAMS 0x0000000094400000, 0x0000000094400000| Untracked 
|  52|0x0000000094400000, 0x0000000094500000, 0x0000000094500000|100%| O|  |TAMS 0x0000000094400000, 0x0000000094500000| Untracked 
|  53|0x0000000094500000, 0x0000000094600000, 0x0000000094600000|100%| O|  |TAMS 0x0000000094500000, 0x0000000094600000| Untracked 
|  54|0x0000000094600000, 0x0000000094700000, 0x0000000094700000|100%| O|  |TAMS 0x0000000094600000, 0x0000000094700000| Untracked 
|  55|0x0000000094700000, 0x0000000094800000, 0x0000000094800000|100%| O|  |TAMS 0x0000000094700000, 0x0000000094800000| Untracked 
|  56|0x0000000094800000, 0x0000000094900000, 0x0000000094900000|100%| O|  |TAMS 0x0000000094800000, 0x0000000094900000| Untracked 
|  57|0x0000000094900000, 0x0000000094a00000, 0x0000000094a00000|100%| O|  |TAMS 0x0000000094900000, 0x0000000094a00000| Untracked 
|  58|0x0000000094a00000, 0x0000000094b00000, 0x0000000094b00000|100%| O|  |TAMS 0x0000000094a00000, 0x0000000094b00000| Untracked 
|  59|0x0000000094b00000, 0x0000000094b00000, 0x0000000094c00000|  0%| F|  |TAMS 0x0000000094b00000, 0x0000000094b00000| Untracked 
|  60|0x0000000094c00000, 0x0000000094c00000, 0x0000000094d00000|  0%| F|  |TAMS 0x0000000094c00000, 0x0000000094c00000| Untracked 
|  61|0x0000000094d00000, 0x0000000094d00000, 0x0000000094e00000|  0%| F|  |TAMS 0x0000000094d00000, 0x0000000094d00000| Untracked 
|  62|0x0000000094e00000, 0x0000000094e00000, 0x0000000094f00000|  0%| F|  |TAMS 0x0000000094e00000, 0x0000000094e00000| Untracked 
|  63|0x0000000094f00000, 0x0000000095000000, 0x0000000095000000|100%| O|  |TAMS 0x0000000094f00000, 0x0000000095000000| Untracked 
|  64|0x0000000095000000, 0x0000000095100000, 0x0000000095100000|100%| O|  |TAMS 0x0000000095000000, 0x0000000095100000| Untracked 
|  65|0x0000000095100000, 0x0000000095200000, 0x0000000095200000|100%| O|  |TAMS 0x0000000095100000, 0x0000000095200000| Untracked 
|  66|0x0000000095200000, 0x0000000095300000, 0x0000000095300000|100%| O|  |TAMS 0x0000000095200000, 0x0000000095300000| Untracked 
|  67|0x0000000095300000, 0x0000000095400000, 0x0000000095400000|100%| O|  |TAMS 0x0000000095300000, 0x0000000095400000| Untracked 
|  68|0x0000000095400000, 0x0000000095400000, 0x0000000095500000|  0%| F|  |TAMS 0x0000000095400000, 0x0000000095400000| Untracked 
|  69|0x0000000095500000, 0x0000000095500000, 0x0000000095600000|  0%| F|  |TAMS 0x0000000095500000, 0x0000000095500000| Untracked 
|  70|0x0000000095600000, 0x0000000095600000, 0x0000000095700000|  0%| F|  |TAMS 0x0000000095600000, 0x0000000095600000| Untracked 
|  71|0x0000000095700000, 0x0000000095700000, 0x0000000095800000|  0%| F|  |TAMS 0x0000000095700000, 0x0000000095700000| Untracked 
|  72|0x0000000095800000, 0x0000000095800000, 0x0000000095900000|  0%| F|  |TAMS 0x0000000095800000, 0x0000000095800000| Untracked 
|  73|0x0000000095900000, 0x0000000095900000, 0x0000000095a00000|  0%| F|  |TAMS 0x0000000095900000, 0x0000000095900000| Untracked 
|  74|0x0000000095a00000, 0x0000000095a00000, 0x0000000095b00000|  0%| F|  |TAMS 0x0000000095a00000, 0x0000000095a00000| Untracked 
|  75|0x0000000095b00000, 0x0000000095b00000, 0x0000000095c00000|  0%| F|  |TAMS 0x0000000095b00000, 0x0000000095b00000| Untracked 
|  76|0x0000000095c00000, 0x0000000095d00000, 0x0000000095d00000|100%| S|CS|TAMS 0x0000000095c00000, 0x0000000095c00000| Complete 
|  77|0x0000000095d00000, 0x0000000095e00000, 0x0000000095e00000|100%| S|CS|TAMS 0x0000000095d00000, 0x0000000095d00000| Complete 
|  78|0x0000000095e00000, 0x0000000095f00000, 0x0000000095f00000|100%| S|CS|TAMS 0x0000000095e00000, 0x0000000095e00000| Complete 
|  79|0x0000000095f00000, 0x0000000095f00000, 0x0000000096000000|  0%| F|  |TAMS 0x0000000095f00000, 0x0000000095f00000| Untracked 
|  80|0x0000000096000000, 0x0000000096000000, 0x0000000096100000|  0%| F|  |TAMS 0x0000000096000000, 0x0000000096000000| Untracked 
|  81|0x0000000096100000, 0x0000000096100000, 0x0000000096200000|  0%| F|  |TAMS 0x0000000096100000, 0x0000000096100000| Untracked 
|  82|0x0000000096200000, 0x0000000096200000, 0x0000000096300000|  0%| F|  |TAMS 0x0000000096200000, 0x0000000096200000| Untracked 
|  83|0x0000000096300000, 0x0000000096300000, 0x0000000096400000|  0%| F|  |TAMS 0x0000000096300000, 0x0000000096300000| Untracked 
|  84|0x0000000096400000, 0x0000000096400000, 0x0000000096500000|  0%| F|  |TAMS 0x0000000096400000, 0x0000000096400000| Untracked 
|  85|0x0000000096500000, 0x0000000096500000, 0x0000000096600000|  0%| F|  |TAMS 0x0000000096500000, 0x0000000096500000| Untracked 
|  86|0x0000000096600000, 0x0000000096600000, 0x0000000096700000|  0%| F|  |TAMS 0x0000000096600000, 0x0000000096600000| Untracked 
|  87|0x0000000096700000, 0x0000000096700000, 0x0000000096800000|  0%| F|  |TAMS 0x0000000096700000, 0x0000000096700000| Untracked 
|  88|0x0000000096800000, 0x0000000096800000, 0x0000000096900000|  0%| F|  |TAMS 0x0000000096800000, 0x0000000096800000| Untracked 
|  89|0x0000000096900000, 0x0000000096900000, 0x0000000096a00000|  0%| F|  |TAMS 0x0000000096900000, 0x0000000096900000| Untracked 
|  90|0x0000000096a00000, 0x0000000096a00000, 0x0000000096b00000|  0%| F|  |TAMS 0x0000000096a00000, 0x0000000096a00000| Untracked 
|  91|0x0000000096b00000, 0x0000000096b00000, 0x0000000096c00000|  0%| F|  |TAMS 0x0000000096b00000, 0x0000000096b00000| Untracked 
|  92|0x0000000096c00000, 0x0000000096c00000, 0x0000000096d00000|  0%| F|  |TAMS 0x0000000096c00000, 0x0000000096c00000| Untracked 
|  93|0x0000000096d00000, 0x0000000096d00000, 0x0000000096e00000|  0%| F|  |TAMS 0x0000000096d00000, 0x0000000096d00000| Untracked 
|  94|0x0000000096e00000, 0x0000000096e00000, 0x0000000096f00000|  0%| F|  |TAMS 0x0000000096e00000, 0x0000000096e00000| Untracked 
|  95|0x0000000096f00000, 0x0000000096f00000, 0x0000000097000000|  0%| F|  |TAMS 0x0000000096f00000, 0x0000000096f00000| Untracked 
|  96|0x0000000097000000, 0x0000000097000000, 0x0000000097100000|  0%| F|  |TAMS 0x0000000097000000, 0x0000000097000000| Untracked 
|  97|0x0000000097100000, 0x0000000097100000, 0x0000000097200000|  0%| F|  |TAMS 0x0000000097100000, 0x0000000097100000| Untracked 
|  98|0x0000000097200000, 0x0000000097200000, 0x0000000097300000|  0%| F|  |TAMS 0x0000000097200000, 0x0000000097200000| Untracked 
|  99|0x0000000097300000, 0x0000000097300000, 0x0000000097400000|  0%| F|  |TAMS 0x0000000097300000, 0x0000000097300000| Untracked 
| 100|0x0000000097400000, 0x0000000097400000, 0x0000000097500000|  0%| F|  |TAMS 0x0000000097400000, 0x0000000097400000| Untracked 
| 101|0x0000000097500000, 0x0000000097500000, 0x0000000097600000|  0%| F|  |TAMS 0x0000000097500000, 0x0000000097500000| Untracked 
| 102|0x0000000097600000, 0x0000000097600000, 0x0000000097700000|  0%| F|  |TAMS 0x0000000097600000, 0x0000000097600000| Untracked 
| 103|0x0000000097700000, 0x0000000097700000, 0x0000000097800000|  0%| F|  |TAMS 0x0000000097700000, 0x0000000097700000| Untracked 
| 104|0x0000000097800000, 0x0000000097800000, 0x0000000097900000|  0%| F|  |TAMS 0x0000000097800000, 0x0000000097800000| Untracked 
| 105|0x0000000097900000, 0x0000000097900000, 0x0000000097a00000|  0%| F|  |TAMS 0x0000000097900000, 0x0000000097900000| Untracked 
| 106|0x0000000097a00000, 0x0000000097a00000, 0x0000000097b00000|  0%| F|  |TAMS 0x0000000097a00000, 0x0000000097a00000| Untracked 
| 107|0x0000000097b00000, 0x0000000097b00000, 0x0000000097c00000|  0%| F|  |TAMS 0x0000000097b00000, 0x0000000097b00000| Untracked 
| 108|0x0000000097c00000, 0x0000000097c00000, 0x0000000097d00000|  0%| F|  |TAMS 0x0000000097c00000, 0x0000000097c00000| Untracked 
| 109|0x0000000097d00000, 0x0000000097d00000, 0x0000000097e00000|  0%| F|  |TAMS 0x0000000097d00000, 0x0000000097d00000| Untracked 
| 110|0x0000000097e00000, 0x0000000097e00000, 0x0000000097f00000|  0%| F|  |TAMS 0x0000000097e00000, 0x0000000097e00000| Untracked 
| 111|0x0000000097f00000, 0x0000000097f00000, 0x0000000098000000|  0%| F|  |TAMS 0x0000000097f00000, 0x0000000097f00000| Untracked 
| 112|0x0000000098000000, 0x0000000098000000, 0x0000000098100000|  0%| F|  |TAMS 0x0000000098000000, 0x0000000098000000| Untracked 
|1769|0x00000000ff900000, 0x00000000ff900000, 0x00000000ffa00000|  0%| F|  |TAMS 0x00000000ff900000, 0x00000000ff900000| Untracked 
|1770|0x00000000ffa00000, 0x00000000ffa00000, 0x00000000ffb00000|  0%| F|  |TAMS 0x00000000ffa00000, 0x00000000ffa00000| Untracked 
|1771|0x00000000ffb00000, 0x00000000ffc00000, 0x00000000ffc00000|100%| O|  |TAMS 0x00000000ffc00000, 0x00000000ffc00000| Untracked 
|1772|0x00000000ffc00000, 0x00000000ffd00000, 0x00000000ffd00000|100%| O|  |TAMS 0x00000000ffd00000, 0x00000000ffd00000| Untracked 
|1773|0x00000000ffd00000, 0x00000000ffd00000, 0x00000000ffe00000|  0%| F|  |TAMS 0x00000000ffd00000, 0x00000000ffd00000| Untracked 
|1774|0x00000000ffe00000, 0x00000000ffe00000, 0x00000000fff00000|  0%| F|  |TAMS 0x00000000ffe00000, 0x00000000ffe00000| Untracked 
|1775|0x00000000fff00000, 0x0000000100000000, 0x0000000100000000|100%| O|  |TAMS 0x0000000100000000, 0x0000000100000000| Untracked 

Card table byte_map: [0x0000022fcec90000,0x0000022fcf010000] _byte_map_base: 0x0000022fce808000

Marking Bits (Prev, Next): (CMBitMap*) 0x0000022fb7e2c5c0, (CMBitMap*) 0x0000022fb7e2c580
 Prev Bits: [0x0000022fd0f50000, 0x0000022fd2b10000)
 Next Bits: [0x0000022fcf390000, 0x0000022fd0f50000)

Polling page: 0x0000022fb7440000

Metaspace:

Usage:
  Non-class:     33.29 MB used.
      Class:      4.32 MB used.
       Both:     37.61 MB used.

Virtual space:
  Non-class space:       64.00 MB reserved,      33.50 MB ( 52%) committed,  1 nodes.
      Class space:        1.00 GB reserved,       4.50 MB ( <1%) committed,  1 nodes.
             Both:        1.06 GB reserved,      38.00 MB (  3%) committed. 

Chunk freelists:
   Non-Class:  13.91 MB
       Class:  11.31 MB
        Both:  25.23 MB

MaxMetaspaceSize: unlimited
CompressedClassSpaceSize: 1.00 GB
Initial GC threshold: 21.00 MB
Current GC threshold: 63.38 MB
CDS: on
MetaspaceReclaimPolicy: balanced
 - commit_granule_bytes: 65536.
 - commit_granule_words: 8192.
 - virtual_space_node_default_size: 8388608.
 - enlarge_chunks_in_place: 1.
 - new_chunks_are_fully_committed: 0.
 - uncommit_free_chunks: 1.
 - use_allocation_guard: 0.
 - handle_deallocations: 1.


Internal statistics:

num_allocs_failed_limit: 3.
num_arena_births: 350.
num_arena_deaths: 0.
num_vsnodes_births: 2.
num_vsnodes_deaths: 0.
num_space_committed: 607.
num_space_uncommitted: 0.
num_chunks_returned_to_freelist: 3.
num_chunks_taken_from_freelist: 1783.
num_chunk_merges: 3.
num_chunk_splits: 1208.
num_chunks_enlarged: 897.
num_inconsistent_stats: 0.

CodeHeap 'non-profiled nmethods': size=120000Kb used=5083Kb max_used=5083Kb free=114916Kb
 bounds [0x0000022fc73e0000, 0x0000022fc78e0000, 0x0000022fce910000]
CodeHeap 'profiled nmethods': size=120000Kb used=18250Kb max_used=18323Kb free=101749Kb
 bounds [0x0000022fbf910000, 0x0000022fc0b00000, 0x0000022fc6e40000]
CodeHeap 'non-nmethods': size=5760Kb used=1250Kb max_used=1321Kb free=4509Kb
 bounds [0x0000022fc6e40000, 0x0000022fc70b0000, 0x0000022fc73e0000]
 total_blobs=8894 nmethods=8331 adapters=476
 compilation: enabled
              stopped_count=0, restarted_count=0
 full_count=0

Compilation events (20 events):
Event: 74.008 Thread 0x0000022fd4fd1660 nmethod 9994 0x0000022fbf95ce90 code [0x0000022fbf95d040, 0x0000022fbf95d208]
Event: 74.246 Thread 0x0000022fd4fd1660 9995       3       java.util.TreeMap$Values::iterator (19 bytes)
Event: 74.247 Thread 0x0000022fd4fd1660 nmethod 9995 0x0000022fbf95c510 code [0x0000022fbf95c6e0, 0x0000022fbf95cbf8]
Event: 74.248 Thread 0x0000022fd4fd1660 9996       3       java.util.TreeMap$ValueIterator::<init> (12 bytes)
Event: 74.249 Thread 0x0000022fd4fd1660 nmethod 9996 0x0000022fc09be090 code [0x0000022fc09be240, 0x0000022fc09be558]
Event: 74.263 Thread 0x0000022fd4fd1660 9997       3       java.util.Collections::addAll (43 bytes)
Event: 74.265 Thread 0x0000022fd4fd1660 nmethod 9997 0x0000022fc09bdb10 code [0x0000022fc09bdcc0, 0x0000022fc09bdf68]
Event: 74.282 Thread 0x0000022fd4fcb680 nmethod 9987% 0x0000022fc78c2c90 code [0x0000022fc78c3020, 0x0000022fc78c88d8]
Event: 74.292 Thread 0x0000022fd4fcb680 9985       4       jdk.nio.zipfs.ZipFileSystem::initCEN (477 bytes)
Event: 74.822 Thread 0x0000022fd4fd1660 9998   !   3       com.sun.tools.javac.file.JavacFileManager$ArchiveContainer::<init> (210 bytes)
Event: 74.827 Thread 0x0000022fd4fd1660 nmethod 9998 0x0000022fbf9e8f90 code [0x0000022fbf9e9400, 0x0000022fbf9eb5f8]
Event: 75.379 Thread 0x0000022fd4fcb680 nmethod 9985 0x0000022fc78caf90 code [0x0000022fc78cb3c0, 0x0000022fc78d0c30]
Event: 75.380 Thread 0x0000022fd4fcb680 9999       4       java.nio.Buffer::<init> (105 bytes)
Event: 75.386 Thread 0x0000022fd4fcb680 nmethod 9999 0x0000022fc78d5b10 code [0x0000022fc78d5ca0, 0x0000022fc78d5e78]
Event: 75.386 Thread 0x0000022fd4fcb680 9991       4       java.nio.ByteBuffer::<init> (47 bytes)
Event: 75.394 Thread 0x0000022fd4fcb680 nmethod 9991 0x0000022fc78d5f90 code [0x0000022fc78d6120, 0x0000022fc78d63f8]
Event: 75.394 Thread 0x0000022fd4fcb680 9988       4       com.sun.tools.javac.file.RelativePath::hashCode (8 bytes)
Event: 75.407 Thread 0x0000022fd4fcb680 nmethod 9988 0x0000022fc78d6590 code [0x0000022fc78d6720, 0x0000022fc78d6948]
Event: 75.438 Thread 0x0000022fd4fcb680 10000       4       jdk.internal.ref.CleanerImpl$PhantomCleanableRef::performCleanup (10 bytes)
Event: 75.439 Thread 0x0000022fd4fcb680 nmethod 10000 0x0000022fc78d6b10 code [0x0000022fc78d6c80, 0x0000022fc78d6d18]

GC Heap History (20 events):
Event: 44.053 GC heap after
{Heap after GC invocations=14 (full 0):
 garbage-first heap   total 104448K, used 50470K [0x0000000091000000, 0x0000000100000000)
  region size 1024K, 5 young (5120K), 5 survivors (5120K)
 Metaspace       used 31768K, committed 32128K, reserved 1114112K
  class space    used 3638K, committed 3776K, reserved 1048576K
}
Event: 50.712 GC heap before
{Heap before GC invocations=14 (full 0):
 garbage-first heap   total 104448K, used 81190K [0x0000000091000000, 0x0000000100000000)
  region size 1024K, 35 young (35840K), 5 survivors (5120K)
 Metaspace       used 36052K, committed 36480K, reserved 1114112K
  class space    used 4190K, committed 4416K, reserved 1048576K
}
Event: 50.766 GC heap after
{Heap after GC invocations=15 (full 0):
 garbage-first heap   total 104448K, used 53071K [0x0000000091000000, 0x0000000100000000)
  region size 1024K, 3 young (3072K), 3 survivors (3072K)
 Metaspace       used 36052K, committed 36480K, reserved 1114112K
  class space    used 4190K, committed 4416K, reserved 1048576K
}
Event: 52.061 GC heap before
{Heap before GC invocations=15 (full 0):
 garbage-first heap   total 104448K, used 82767K [0x0000000091000000, 0x0000000100000000)
  region size 1024K, 32 young (32768K), 3 survivors (3072K)
 Metaspace       used 36170K, committed 36608K, reserved 1114112K
  class space    used 4190K, committed 4416K, reserved 1048576K
}
Event: 52.083 GC heap after
{Heap after GC invocations=16 (full 0):
 garbage-first heap   total 104448K, used 53786K [0x0000000091000000, 0x0000000100000000)
  region size 1024K, 1 young (1024K), 1 survivors (1024K)
 Metaspace       used 36170K, committed 36608K, reserved 1114112K
  class space    used 4190K, committed 4416K, reserved 1048576K
}
Event: 53.269 GC heap before
{Heap before GC invocations=17 (full 0):
 garbage-first heap   total 104448K, used 84506K [0x0000000091000000, 0x0000000100000000)
  region size 1024K, 31 young (31744K), 1 survivors (1024K)
 Metaspace       used 36268K, committed 36672K, reserved 1114112K
  class space    used 4190K, committed 4416K, reserved 1048576K
}
Event: 53.278 GC heap after
{Heap after GC invocations=18 (full 0):
 garbage-first heap   total 104448K, used 53523K [0x0000000091000000, 0x0000000100000000)
  region size 1024K, 1 young (1024K), 1 survivors (1024K)
 Metaspace       used 36268K, committed 36672K, reserved 1114112K
  class space    used 4190K, committed 4416K, reserved 1048576K
}
Event: 53.453 GC heap before
{Heap before GC invocations=18 (full 0):
 garbage-first heap   total 104448K, used 57619K [0x0000000091000000, 0x0000000100000000)
  region size 1024K, 5 young (5120K), 1 survivors (1024K)
 Metaspace       used 36278K, committed 36672K, reserved 1114112K
  class space    used 4190K, committed 4416K, reserved 1048576K
}
Event: 53.457 GC heap after
{Heap after GC invocations=19 (full 0):
 garbage-first heap   total 104448K, used 52253K [0x0000000091000000, 0x0000000100000000)
  region size 1024K, 1 young (1024K), 1 survivors (1024K)
 Metaspace       used 36278K, committed 36672K, reserved 1114112K
  class space    used 4190K, committed 4416K, reserved 1048576K
}
Event: 63.440 GC heap before
{Heap before GC invocations=19 (full 0):
 garbage-first heap   total 104448K, used 85021K [0x0000000091000000, 0x0000000100000000)
  region size 1024K, 33 young (33792K), 1 survivors (1024K)
 Metaspace       used 38172K, committed 38592K, reserved 1114112K
  class space    used 4400K, committed 4608K, reserved 1048576K
}
Event: 63.466 GC heap after
{Heap after GC invocations=20 (full 0):
 garbage-first heap   total 104448K, used 54113K [0x0000000091000000, 0x0000000100000000)
  region size 1024K, 3 young (3072K), 3 survivors (3072K)
 Metaspace       used 38172K, committed 38592K, reserved 1114112K
  class space    used 4400K, committed 4608K, reserved 1048576K
}
Event: 67.899 GC heap before
{Heap before GC invocations=21 (full 0):
 garbage-first heap   total 104448K, used 69473K [0x0000000091000000, 0x0000000100000000)
  region size 1024K, 19 young (19456K), 3 survivors (3072K)
 Metaspace       used 38447K, committed 38912K, reserved 1114112K
  class space    used 4418K, committed 4608K, reserved 1048576K
}
Event: 67.930 GC heap after
{Heap after GC invocations=22 (full 0):
 garbage-first heap   total 104448K, used 55421K [0x0000000091000000, 0x0000000100000000)
  region size 1024K, 4 young (4096K), 4 survivors (4096K)
 Metaspace       used 38447K, committed 38912K, reserved 1114112K
  class space    used 4418K, committed 4608K, reserved 1048576K
}
Event: 72.506 GC heap before
{Heap before GC invocations=23 (full 0):
 garbage-first heap   total 104448K, used 90237K [0x0000000091000000, 0x0000000100000000)
  region size 1024K, 32 young (32768K), 4 survivors (4096K)
 Metaspace       used 38494K, committed 38912K, reserved 1114112K
  class space    used 4419K, committed 4608K, reserved 1048576K
}
Event: 72.544 GC heap after
{Heap after GC invocations=24 (full 0):
 garbage-first heap   total 104448K, used 68960K [0x0000000091000000, 0x0000000100000000)
  region size 1024K, 4 young (4096K), 4 survivors (4096K)
 Metaspace       used 38494K, committed 38912K, reserved 1114112K
  class space    used 4419K, committed 4608K, reserved 1048576K
}
Event: 72.553 GC heap before
{Heap before GC invocations=24 (full 0):
 garbage-first heap   total 104448K, used 69984K [0x0000000091000000, 0x0000000100000000)
  region size 1024K, 5 young (5120K), 4 survivors (4096K)
 Metaspace       used 38496K, committed 38912K, reserved 1114112K
  class space    used 4419K, committed 4608K, reserved 1048576K
}
Event: 72.581 GC heap after
{Heap after GC invocations=25 (full 0):
 garbage-first heap   total 104448K, used 61665K [0x0000000091000000, 0x0000000100000000)
  region size 1024K, 1 young (1024K), 1 survivors (1024K)
 Metaspace       used 38496K, committed 38912K, reserved 1114112K
  class space    used 4419K, committed 4608K, reserved 1048576K
}
Event: 72.662 GC heap before
{Heap before GC invocations=25 (full 0):
 garbage-first heap   total 104448K, used 64737K [0x0000000091000000, 0x0000000100000000)
  region size 1024K, 5 young (5120K), 1 survivors (1024K)
 Metaspace       used 38496K, committed 38912K, reserved 1114112K
  class space    used 4419K, committed 4608K, reserved 1048576K
}
Event: 72.682 GC heap after
{Heap after GC invocations=26 (full 0):
 garbage-first heap   total 104448K, used 61440K [0x0000000091000000, 0x0000000100000000)
  region size 1024K, 1 young (1024K), 1 survivors (1024K)
 Metaspace       used 38496K, committed 38912K, reserved 1114112K
  class space    used 4419K, committed 4608K, reserved 1048576K
}
Event: 75.471 GC heap before
{Heap before GC invocations=26 (full 0):
 garbage-first heap   total 104448K, used 80896K [0x0000000091000000, 0x0000000100000000)
  region size 1024K, 20 young (20480K), 1 survivors (1024K)
 Metaspace       used 38508K, committed 38912K, reserved 1114112K
  class space    used 4419K, committed 4608K, reserved 1048576K
}

Dll operation events (8 events):
Event: 0.025 Loaded shared library C:\Program Files\Microsoft\jdk-17.0.13.11-hotspot\bin\java.dll
Event: 0.071 Loaded shared library C:\Program Files\Microsoft\jdk-17.0.13.11-hotspot\bin\jsvml.dll
Event: 0.139 Loaded shared library C:\Program Files\Microsoft\jdk-17.0.13.11-hotspot\bin\net.dll
Event: 0.145 Loaded shared library C:\Program Files\Microsoft\jdk-17.0.13.11-hotspot\bin\nio.dll
Event: 0.152 Loaded shared library C:\Program Files\Microsoft\jdk-17.0.13.11-hotspot\bin\zip.dll
Event: 0.486 Loaded shared library C:\Program Files\Microsoft\jdk-17.0.13.11-hotspot\bin\jimage.dll
Event: 0.489 Loaded shared library C:\Users\HP\.m2\wrapper\dists\apache-maven-3.9.9\3477a4f1\lib\jansi-native\Windows\x86_64\jansi.dll
Event: 0.537 Loaded shared library C:\Program Files\Microsoft\jdk-17.0.13.11-hotspot\bin\verify.dll

Deoptimization events (20 events):
Event: 70.493 Thread 0x0000022fb7dda560 Uncommon trap: trap_request=0xffffffc6 fr.pc=0x0000022fc7875664 relative=0x0000000000000b64
Event: 70.494 Thread 0x0000022fb7dda560 Uncommon trap: reason=bimorphic_or_optimized_type_check action=maybe_recompile pc=0x0000022fc7875664 method=com.sun.tools.javac.code.ClassFinder.fillIn(Lcom/sun/tools/javac/code/Symbol$ClassSymbol;)V @ 148 c2
Event: 70.494 Thread 0x0000022fb7dda560 DEOPT PACKING pc=0x0000022fc7875664 sp=0x000000a54d8fceb0
Event: 70.494 Thread 0x0000022fb7dda560 DEOPT UNPACKING pc=0x0000022fc6e969a3 sp=0x000000a54d8fce80 mode 2
Event: 70.494 Thread 0x0000022fb7dda560 Uncommon trap: trap_request=0xffffffc6 fr.pc=0x0000022fc7875664 relative=0x0000000000000b64
Event: 70.494 Thread 0x0000022fb7dda560 Uncommon trap: reason=bimorphic_or_optimized_type_check action=maybe_recompile pc=0x0000022fc7875664 method=com.sun.tools.javac.code.ClassFinder.fillIn(Lcom/sun/tools/javac/code/Symbol$ClassSymbol;)V @ 148 c2
Event: 70.494 Thread 0x0000022fb7dda560 DEOPT PACKING pc=0x0000022fc7875664 sp=0x000000a54d8fceb0
Event: 70.494 Thread 0x0000022fb7dda560 DEOPT UNPACKING pc=0x0000022fc6e969a3 sp=0x000000a54d8fce80 mode 2
Event: 70.494 Thread 0x0000022fb7dda560 Uncommon trap: trap_request=0xffffffc6 fr.pc=0x0000022fc7875664 relative=0x0000000000000b64
Event: 70.494 Thread 0x0000022fb7dda560 Uncommon trap: reason=bimorphic_or_optimized_type_check action=maybe_recompile pc=0x0000022fc7875664 method=com.sun.tools.javac.code.ClassFinder.fillIn(Lcom/sun/tools/javac/code/Symbol$ClassSymbol;)V @ 148 c2
Event: 70.494 Thread 0x0000022fb7dda560 DEOPT PACKING pc=0x0000022fc7875664 sp=0x000000a54d8fceb0
Event: 70.494 Thread 0x0000022fb7dda560 DEOPT UNPACKING pc=0x0000022fc6e969a3 sp=0x000000a54d8fce80 mode 2
Event: 73.008 Thread 0x0000022fb7dda560 DEOPT PACKING pc=0x0000022fc0419bb0 sp=0x000000a54d8fc4d0
Event: 73.008 Thread 0x0000022fb7dda560 DEOPT UNPACKING pc=0x0000022fc6e97143 sp=0x000000a54d8fb9d8 mode 0
Event: 73.374 Thread 0x0000022fb7dda560 DEOPT PACKING pc=0x0000022fbf97c338 sp=0x000000a54d8fc230
Event: 73.374 Thread 0x0000022fb7dda560 DEOPT UNPACKING pc=0x0000022fc6e97143 sp=0x000000a54d8fb738 mode 0
Event: 73.407 Thread 0x0000022fb7dda560 DEOPT PACKING pc=0x0000022fbffc9099 sp=0x000000a54d8fc310
Event: 73.407 Thread 0x0000022fb7dda560 DEOPT UNPACKING pc=0x0000022fc6e97143 sp=0x000000a54d8fb880 mode 0
Event: 74.852 Thread 0x0000022fb7dda560 DEOPT PACKING pc=0x0000022fbffc9099 sp=0x000000a54d8fc310
Event: 74.852 Thread 0x0000022fb7dda560 DEOPT UNPACKING pc=0x0000022fc6e97143 sp=0x000000a54d8fb880 mode 0

Classes loaded (20 events):
Event: 55.220 Loading class java/util/EnumMap$EntrySet
Event: 55.220 Loading class java/util/EnumMap$EntrySet done
Event: 55.221 Loading class java/util/EnumMap$EntryIterator
Event: 55.221 Loading class java/util/EnumMap$EnumMapIterator
Event: 55.221 Loading class java/util/EnumMap$EnumMapIterator done
Event: 55.221 Loading class java/util/EnumMap$EntryIterator done
Event: 55.221 Loading class java/util/EnumMap$EntryIterator$Entry
Event: 55.222 Loading class java/util/EnumMap$EntryIterator$Entry done
Event: 59.374 Loading class java/util/stream/ReduceOps$2
Event: 59.382 Loading class java/util/stream/ReduceOps$2 done
Event: 59.382 Loading class java/util/stream/ReduceOps$2ReducingSink
Event: 59.382 Loading class java/util/stream/ReduceOps$2ReducingSink done
Event: 61.996 Loading class java/io/DataOutputStream
Event: 61.997 Loading class java/io/DataOutputStream done
Event: 65.664 Loading class java/util/EnumMap$Values
Event: 65.666 Loading class java/util/EnumMap$Values done
Event: 65.666 Loading class java/util/EnumMap$ValueIterator
Event: 65.666 Loading class java/util/EnumMap$ValueIterator done
Event: 65.667 Loading class java/util/WeakHashMap$KeyIterator
Event: 65.667 Loading class java/util/WeakHashMap$KeyIterator done

Classes unloaded (0 events):
No events

Classes redefined (0 events):
No events

Internal exceptions (20 events):
Event: 65.518 Thread 0x0000022fb7dda560 Exception <a 'sun/nio/fs/WindowsException'{0x000000009651e2b0}> (0x000000009651e2b0) 
thrown [s\src\hotspot\share\prims\jni.cpp, line 516]
Event: 65.518 Thread 0x0000022fb7dda560 Exception <a 'sun/nio/fs/WindowsException'{0x000000009651e988}> (0x000000009651e988) 
thrown [s\src\hotspot\share\prims\jni.cpp, line 516]
Event: 65.519 Thread 0x0000022fb7dda560 Exception <a 'sun/nio/fs/WindowsException'{0x000000009651f2c8}> (0x000000009651f2c8) 
thrown [s\src\hotspot\share\prims\jni.cpp, line 516]
Event: 65.585 Thread 0x0000022fb7dda560 Exception <a 'sun/nio/fs/WindowsException'{0x00000000965dccd8}> (0x00000000965dccd8) 
thrown [s\src\hotspot\share\prims\jni.cpp, line 516]
Event: 65.586 Thread 0x0000022fb7dda560 Exception <a 'sun/nio/fs/WindowsException'{0x00000000965dd3a8}> (0x00000000965dd3a8) 
thrown [s\src\hotspot\share\prims\jni.cpp, line 516]
Event: 65.587 Thread 0x0000022fb7dda560 Exception <a 'sun/nio/fs/WindowsException'{0x00000000965ddc98}> (0x00000000965ddc98) 
thrown [s\src\hotspot\share\prims\jni.cpp, line 516]
Event: 65.643 Thread 0x0000022fb7dda560 Exception <a 'sun/nio/fs/WindowsException'{0x0000000096410258}> (0x0000000096410258) 
thrown [s\src\hotspot\share\prims\jni.cpp, line 516]
Event: 65.644 Thread 0x0000022fb7dda560 Exception <a 'sun/nio/fs/WindowsException'{0x0000000096410928}> (0x0000000096410928) 
thrown [s\src\hotspot\share\prims\jni.cpp, line 516]
Event: 65.644 Thread 0x0000022fb7dda560 Exception <a 'sun/nio/fs/WindowsException'{0x0000000096411218}> (0x0000000096411218) 
thrown [s\src\hotspot\share\prims\jni.cpp, line 516]
Event: 70.422 Thread 0x0000022fb7dda560 Exception <a 'sun/nio/fs/WindowsException'{0x0000000096443590}> (0x0000000096443590) 
thrown [s\src\hotspot\share\prims\jni.cpp, line 516]
Event: 70.423 Thread 0x0000022fb7dda560 Exception <a 'sun/nio/fs/WindowsException'{0x00000000964438c0}> (0x00000000964438c0) 
thrown [s\src\hotspot\share\prims\jni.cpp, line 516]
Event: 70.424 Thread 0x0000022fb7dda560 Implicit null exception at 0x0000022fc76c71f4 to 0x0000022fc76c7618
Event: 70.433 Thread 0x0000022fb7dda560 Exception <a 'sun/nio/fs/WindowsException'{0x00000000964d0ca0}> (0x00000000964d0ca0) 
thrown [s\src\hotspot\share\prims\jni.cpp, line 516]
Event: 70.433 Thread 0x0000022fb7dda560 Exception <a 'sun/nio/fs/WindowsException'{0x00000000964d0f50}> (0x00000000964d0f50) 
thrown [s\src\hotspot\share\prims\jni.cpp, line 516]
Event: 70.469 Thread 0x0000022fb7dda560 Exception <a 'sun/nio/fs/WindowsException'{0x00000000964fe4f8}> (0x00000000964fe4f8) 
thrown [s\src\hotspot\share\prims\jni.cpp, line 516]
Event: 70.470 Thread 0x0000022fb7dda560 Exception <a 'sun/nio/fs/WindowsException'{0x00000000964fe858}> (0x00000000964fe858) 
thrown [s\src\hotspot\share\prims\jni.cpp, line 516]
Event: 70.470 Thread 0x0000022fb7dda560 Exception <a 'sun/nio/fs/WindowsException'{0x00000000964ff9c8}> (0x00000000964ff9c8) 
thrown [s\src\hotspot\share\prims\jni.cpp, line 516]
Event: 70.471 Thread 0x0000022fb7dda560 Exception <a 'sun/nio/fs/WindowsException'{0x0000000096331358}> (0x0000000096331358) 
thrown [s\src\hotspot\share\prims\jni.cpp, line 516]
Event: 70.471 Thread 0x0000022fb7dda560 Exception <a 'sun/nio/fs/WindowsException'{0x0000000096332560}> (0x0000000096332560) 
thrown [s\src\hotspot\share\prims\jni.cpp, line 516]
Event: 70.471 Thread 0x0000022fb7dda560 Exception <a 'sun/nio/fs/WindowsException'{0x00000000963328e8}> (0x00000000963328e8) 
thrown [s\src\hotspot\share\prims\jni.cpp, line 516]

VM Operations (20 events):
Event: 67.220 Executing VM operation: Cleanup done
Event: 67.899 Executing VM operation: G1TryInitiateConcMark
Event: 67.931 Executing VM operation: G1TryInitiateConcMark done
Event: 68.170 Executing VM operation: G1PauseRemark
Event: 68.194 Executing VM operation: G1PauseRemark done
Event: 68.321 Executing VM operation: G1PauseCleanup
Event: 68.321 Executing VM operation: G1PauseCleanup done
Event: 70.328 Executing VM operation: Cleanup
Event: 70.328 Executing VM operation: Cleanup done
Event: 71.333 Executing VM operation: Cleanup
Event: 71.334 Executing VM operation: Cleanup done
Event: 72.506 Executing VM operation: G1CollectForAllocation
Event: 72.544 Executing VM operation: G1CollectForAllocation done
Event: 72.552 Executing VM operation: G1CollectForAllocation
Event: 72.581 Executing VM operation: G1CollectForAllocation done
Event: 72.662 Executing VM operation: G1CollectForAllocation
Event: 72.682 Executing VM operation: G1CollectForAllocation done
Event: 73.682 Executing VM operation: Cleanup
Event: 73.698 Executing VM operation: Cleanup done
Event: 75.471 Executing VM operation: G1CollectForAllocation

Memory protections (0 events):
No events

Nmethod flushes (20 events):
Event: 57.717 Thread 0x0000022fd4fd6790 flushing  nmethod 0x0000022fc09b4590
Event: 57.717 Thread 0x0000022fd4fd6790 flushing  nmethod 0x0000022fc09b4c90
Event: 57.717 Thread 0x0000022fd4fd6790 flushing  nmethod 0x0000022fc09b5610
Event: 57.717 Thread 0x0000022fd4fd6790 flushing  nmethod 0x0000022fc09b6090
Event: 57.717 Thread 0x0000022fd4fd6790 flushing  nmethod 0x0000022fc09b7890
Event: 57.717 Thread 0x0000022fd4fd6790 flushing  nmethod 0x0000022fc09b8010
Event: 57.717 Thread 0x0000022fd4fd6790 flushing  nmethod 0x0000022fc09b8510
Event: 57.717 Thread 0x0000022fd4fd6790 flushing  nmethod 0x0000022fc09bae90
Event: 57.717 Thread 0x0000022fd4fd6790 flushing  nmethod 0x0000022fc09bb390
Event: 57.717 Thread 0x0000022fd4fd6790 flushing  nmethod 0x0000022fc09bbd90
Event: 57.717 Thread 0x0000022fd4fd6790 flushing  nmethod 0x0000022fc09bcb10
Event: 57.717 Thread 0x0000022fd4fd6790 flushing  nmethod 0x0000022fc09bcf90
Event: 57.717 Thread 0x0000022fd4fd6790 flushing  nmethod 0x0000022fc09c2610
Event: 57.717 Thread 0x0000022fd4fd6790 flushing  nmethod 0x0000022fc09c3290
Event: 57.717 Thread 0x0000022fd4fd6790 flushing  nmethod 0x0000022fc09c4810
Event: 57.717 Thread 0x0000022fd4fd6790 flushing  nmethod 0x0000022fc09e7010
Event: 57.718 Thread 0x0000022fd4fd6790 flushing  nmethod 0x0000022fc0a64b90
Event: 57.719 Thread 0x0000022fd4fd6790 flushing  nmethod 0x0000022fc0aa9010
Event: 57.719 Thread 0x0000022fd4fd6790 flushing  nmethod 0x0000022fc0ac8010
Event: 57.719 Thread 0x0000022fd4fd6790 flushing  nmethod 0x0000022fc0acdc90

Events (20 events):
Event: 5.772 Thread 0x0000022fd4fd1660 Thread added: 0x0000022fd572d130
Event: 6.937 Thread 0x0000022fd572d130 Thread exited: 0x0000022fd572d130
Event: 7.380 Thread 0x0000022fd4fd1660 Thread added: 0x0000022fd5728330
Event: 12.218 Thread 0x0000022fd5728330 Thread exited: 0x0000022fd5728330
Event: 18.883 Thread 0x0000022fd4fcb680 Thread added: 0x000002301b7a0670
Event: 18.993 Thread 0x000002301b7a0670 Thread exited: 0x000002301b7a0670
Event: 20.815 Thread 0x0000022fd4fd1660 Thread added: 0x000002301b789020
Event: 23.602 Thread 0x000002301b789020 Thread exited: 0x000002301b789020
Event: 24.288 Thread 0x0000022fd4fd1660 Thread added: 0x0000022fd5728330
Event: 24.542 Thread 0x0000022fd5728330 Thread exited: 0x0000022fd5728330
Event: 24.784 Thread 0x0000022fd4fd1660 Thread added: 0x0000022fd5728330
Event: 25.687 Thread 0x0000022fd5728330 Thread exited: 0x0000022fd5728330
Event: 25.771 Thread 0x0000022fd4fd1660 Thread added: 0x0000022fd5728330
Event: 26.327 Thread 0x0000022fd5728330 Thread exited: 0x0000022fd5728330
Event: 27.089 Thread 0x0000022fd4fd1660 Thread added: 0x000002301bca2020
Event: 28.245 Thread 0x000002301bca2020 Thread exited: 0x000002301bca2020
Event: 28.743 Thread 0x0000022fd4fd1660 Thread added: 0x0000022fd59ee480
Event: 30.486 Thread 0x0000022fd59ee480 Thread exited: 0x0000022fd59ee480
Event: 30.959 Thread 0x0000022fd4fd1660 Thread added: 0x0000022fd59ee480
Event: 32.084 Thread 0x0000022fd59ee480 Thread exited: 0x0000022fd59ee480


Dynamic libraries:
0x00007ff6c9270000 - 0x00007ff6c927e000 	C:\Program Files\Microsoft\jdk-17.0.13.11-hotspot\bin\java.exe
0x00007ff8dde20000 - 0x00007ff8de029000 	C:\Windows\SYSTEM32\ntdll.dll
0x00007ff8dc420000 - 0x00007ff8dc4dd000 	C:\Windows\System32\KERNEL32.DLL
0x00007ff8db650000 - 0x00007ff8db9d4000 	C:\Windows\System32\KERNELBASE.dll
0x00007ff8dbb50000 - 0x00007ff8dbc61000 	C:\Windows\System32\ucrtbase.dll
0x00007ff8c86b0000 - 0x00007ff8c86cd000 	C:\Program Files\Microsoft\jdk-17.0.13.11-hotspot\bin\VCRUNTIME140.dll
0x00007ff8c86d0000 - 0x00007ff8c86e7000 	C:\Program Files\Microsoft\jdk-17.0.13.11-hotspot\bin\jli.dll
0x00007ff8dc180000 - 0x00007ff8dc32d000 	C:\Windows\System32\USER32.dll
0x00007ff8cb240000 - 0x00007ff8cb4e5000 	C:\Windows\WinSxS\amd64_microsoft.windows.common-controls_6595b64144ccf1df_6.0.22000.120_none_9d947278b86cc467\COMCTL32.dll
0x00007ff8dbb20000 - 0x00007ff8dbb46000 	C:\Windows\System32\win32u.dll
0x00007ff8dd470000 - 0x00007ff8dd513000 	C:\Windows\System32\msvcrt.dll
0x00007ff8dc890000 - 0x00007ff8dc8ba000 	C:\Windows\System32\GDI32.dll
0x00007ff8db4c0000 - 0x00007ff8db5de000 	C:\Windows\System32\gdi32full.dll
0x00007ff8db2b0000 - 0x00007ff8db34d000 	C:\Windows\System32\msvcp_win.dll
0x00007ff8dd090000 - 0x00007ff8dd0c1000 	C:\Windows\System32\IMM32.DLL
0x00007ff8c1b40000 - 0x00007ff8c1c2b000 	C:\Program Files\Windhawk\Engine\1.5.1\64\windhawk.dll
0x00007ff8dc620000 - 0x00007ff8dc6ce000 	C:\Windows\System32\ADVAPI32.dll
0x00007ff8dd0d0000 - 0x00007ff8dd16e000 	C:\Windows\System32\sechost.dll
0x00007ff8d4de0000 - 0x00007ff8d4ef4000 	C:\Windows\SYSTEM32\WINHTTP.dll
0x00007ff8ddca0000 - 0x00007ff8dddc1000 	C:\Windows\System32\RPCRT4.dll
0x00007ff8d2d00000 - 0x00007ff8d2d0c000 	C:\Program Files\Microsoft\jdk-17.0.13.11-hotspot\bin\vcruntime140_1.dll
0x00007ff8b4240000 - 0x00007ff8b42cd000 	C:\Program Files\Microsoft\jdk-17.0.13.11-hotspot\bin\msvcp140.dll
0x00007ff847cb0000 - 0x00007ff848921000 	C:\Program Files\Microsoft\jdk-17.0.13.11-hotspot\bin\server\jvm.dll
0x00007ff8dc5a0000 - 0x00007ff8dc60f000 	C:\Windows\System32\WS2_32.dll
0x00007ff8dafe0000 - 0x00007ff8db02d000 	C:\Windows\SYSTEM32\POWRPROF.dll
0x00007ff8d2ce0000 - 0x00007ff8d2cea000 	C:\Windows\SYSTEM32\VERSION.dll
0x00007ff8d4960000 - 0x00007ff8d4993000 	C:\Windows\SYSTEM32\WINMM.dll
0x00007ff8dafc0000 - 0x00007ff8dafd3000 	C:\Windows\SYSTEM32\UMPDC.dll
0x00007ff8da2e0000 - 0x00007ff8da2f8000 	C:\Windows\SYSTEM32\kernel.appcore.dll
0x00007ff8ce9b0000 - 0x00007ff8ce9ba000 	C:\Program Files\Microsoft\jdk-17.0.13.11-hotspot\bin\jimage.dll
0x00007ff8c68b0000 - 0x00007ff8c6ad1000 	C:\Windows\SYSTEM32\DBGHELP.DLL
0x00007ff8c6870000 - 0x00007ff8c68a1000 	C:\Windows\SYSTEM32\dbgcore.DLL
0x00007ff8db9e0000 - 0x00007ff8dba5f000 	C:\Windows\System32\bcryptPrimitives.dll
0x00007ff8bfe10000 - 0x00007ff8bfe35000 	C:\Program Files\Microsoft\jdk-17.0.13.11-hotspot\bin\java.dll
0x00007ff8b1e10000 - 0x00007ff8b1ee7000 	C:\Program Files\Microsoft\jdk-17.0.13.11-hotspot\bin\jsvml.dll
0x00007ff8dc8c0000 - 0x00007ff8dd085000 	C:\Windows\System32\SHELL32.dll
0x00007ff8d9340000 - 0x00007ff8d9ba2000 	C:\Windows\SYSTEM32\windows.storage.dll
0x00007ff8dd820000 - 0x00007ff8ddb96000 	C:\Windows\System32\combase.dll
0x00007ff8d91d0000 - 0x00007ff8d9337000 	C:\Windows\SYSTEM32\wintypes.dll
0x00007ff8dd6c0000 - 0x00007ff8dd7aa000 	C:\Windows\System32\SHCORE.dll
0x00007ff8dc540000 - 0x00007ff8dc59d000 	C:\Windows\System32\shlwapi.dll
0x00007ff8db1e0000 - 0x00007ff8db205000 	C:\Windows\SYSTEM32\profapi.dll
0x00007ff8b62b0000 - 0x00007ff8b62ca000 	C:\Program Files\Microsoft\jdk-17.0.13.11-hotspot\bin\net.dll
0x00007ff8da780000 - 0x00007ff8da7e7000 	C:\Windows\system32\mswsock.dll
0x00007ff8b3de0000 - 0x00007ff8b3df6000 	C:\Program Files\Microsoft\jdk-17.0.13.11-hotspot\bin\nio.dll
0x00007ff8b3dc0000 - 0x00007ff8b3dd8000 	C:\Program Files\Microsoft\jdk-17.0.13.11-hotspot\bin\zip.dll
0x00007ff8cb700000 - 0x00007ff8cb724000 	C:\Users\HP\.m2\wrapper\dists\apache-maven-3.9.9\3477a4f1\lib\jansi-native\Windows\x86_64\jansi.dll
0x00007ff8d7130000 - 0x00007ff8d7140000 	C:\Program Files\Microsoft\jdk-17.0.13.11-hotspot\bin\verify.dll

dbghelp: loaded successfully - version: 4.0.5 - missing functions: none
symbol engine: initialized successfully - sym options: 0x614 - pdb path: .;C:\Program Files\Microsoft\jdk-17.0.13.11-hotspot\bin;C:\Windows\SYSTEM32;C:\Windows\WinSxS\amd64_microsoft.windows.common-controls_6595b64144ccf1df_6.0.22000.120_none_9d947278b86cc467;C:\Program Files\Windhawk\Engine\1.5.1\64;C:\Program Files\Microsoft\jdk-17.0.13.11-hotspot\bin\server;C:\Users\HP\.m2\wrapper\dists\apache-maven-3.9.9\3477a4f1\lib\jansi-native\Windows\x86_64

VM Arguments:
jvm_args: -Dclassworlds.conf=C:/Users/HP/.m2/wrapper/dists/apache-maven-3.9.9/3477a4f1/bin/m2.conf -Dmaven.home=C:/Users/HP/.m2/wrapper/dists/apache-maven-3.9.9/3477a4f1 -Dlibrary.jansi.path=C:/Users/HP/.m2/wrapper/dists/apache-maven-3.9.9/3477a4f1/lib/jansi-native -Dmaven.multiModuleProjectDirectory=C:/Users/HP/OneDrive/Desktop/Odin360back-end/Odin-360-backend 
java_command: org.codehaus.plexus.classworlds.launcher.Launcher spring-boot:run
java_class_path (initial): C:/Users/HP/.m2/wrapper/dists/apache-maven-3.9.9/3477a4f1/boot/plexus-classworlds-2.8.0.jar
Launcher Type: SUN_STANDARD

[Global flags]
     intx CICompilerCount                          = 3                                         {product} {ergonomic}
     uint ConcGCThreads                            = 1                                         {product} {ergonomic}
     uint G1ConcRefinementThreads                  = 4                                         {product} {ergonomic}
   size_t G1HeapRegionSize                         = 1048576                                   {product} {ergonomic}
    uintx GCDrainStackTargetSize                   = 64                                        {product} {ergonomic}
   size_t InitialHeapSize                          = 117440512                                 {product} {ergonomic}
   size_t MarkStackSize                            = 4194304                                   {product} {ergonomic}
   size_t MaxHeapSize                              = 1862270976                                {product} {ergonomic}
   size_t MaxNewSize                               = 1116733440                                {product} {ergonomic}
   size_t MinHeapDeltaBytes                        = 1048576                                   {product} {ergonomic}
   size_t MinHeapSize                              = 8388608                                   {product} {ergonomic}
    uintx NonNMethodCodeHeapSize                   = 5832780                                {pd product} {ergonomic}
    uintx NonProfiledCodeHeapSize                  = 122912730                              {pd product} {ergonomic}
    uintx ProfiledCodeHeapSize                     = 122912730                              {pd product} {ergonomic}
    uintx ReservedCodeCacheSize                    = 251658240                              {pd product} {ergonomic}
     bool SegmentedCodeCache                       = true                                      {product} {ergonomic}
   size_t SoftMaxHeapSize                          = 1862270976                             {manageable} {ergonomic}
     bool UseCompressedClassPointers               = true                           {product lp64_product} {ergonomic}
     bool UseCompressedOops                        = true                           {product lp64_product} {ergonomic}
     bool UseG1GC                                  = true                                      {product} {ergonomic}
     bool UseLargePagesIndividualAllocation        = false                                  {pd product} {ergonomic}

Logging:
Log output configuration:
 #0: stdout all=warning uptime,level,tags
 #1: stderr all=off uptime,level,tags

Environment Variables:
PATH=C:\Program Files\Git\mingw64\bin;C:\Program Files\Git\usr\bin;C:\Users\HP\bin;C:\Users\HP\AppData\Local\Programs\cursor\resources\app\bin;C:\Program Files (x86)\VMware\VMware Workstation\bin;C:\Program Files\Microsoft\jdk-17.0.13.11-hotspot\bin;C:\Windows\system32;C:\Windows;C:\Windows\System32\Wbem;C:\Windows\System32\WindowsPowerShell\v1.0;C:\Windows\System32\OpenSSH;C:\Program Files\dotnet;C:\ProgramData\chocolatey\bin;C:\Program Files\Git\cmd;C:\Users\HP\AppData\Local\Android\Sdk\platform-tools;C:\Program Files (x86)\Microsoft SQL Server\160\Tools\Binn;C:\Program Files\Microsoft SQL Server\160\Tools\Binn;C:\Program Files\Microsoft SQL Server\Client SDK\ODBC\170\Tools\Binn;C:\Program Files\Microsoft SQL Server\160\DTS\Binn;C:\Program Files (x86)\Microsoft SQL Server\160\DTS\Binn;C:\Users\HP\AppData\Local\Microsoft\WindowsApps;C:\msys64\ucrt64\bin;C:\Program Files\JetBrains\PyCharm Community Edition 2024.1.4\bin;C:\Users\HP\.dotnet\tools;C:\Users\HP\AppData\Roaming\npm;C:\Users\HP\OneDrive\Documents\sdk\platform-tools;C:\Users\HP\AppData\Local\Prog;C:\Program Files\nodejs;C:\Users\HP\AppData\Local\Microsoft\WindowsApps;C:\Users\HP\AppData\Local\Programs\Microsoft VS Code\bin;C:\msys64\ucrt64\bin;C:\Program Files\JetBrains\PyCharm Community Edition 2024.1.4\bin;C:\Users\HP\.dotnet\tools;C:\Users\HP\OneDrive\Documents\sdk\platform-tools;C:\Program Files\JetBrains\IntelliJ IDEA Community Edition 2025.1\bin;C:\Users\HP\AppData\Roaming\npm
USERNAME=HP
TERM=xterm-256color
OS=Windows_NT
PROCESSOR_IDENTIFIER=AMD64 Family 21 Model 101 Stepping 1, AuthenticAMD
TMP=C:\Users\HP\AppData\Local\Temp
TEMP=C:\Users\HP\AppData\Local\Temp



Periodic native trim disabled


---------------  S Y S T E M  ---------------

OS:
 Windows 11 , 64 bit Build 22000 (10.0.22000.2538)
OS uptime: 1 days 6:21 hours
Hyper-V role detected

CPU: total 4 (initial active 4) (4 cores per cpu, 1 threads per core) family 21 model 101 stepping 1 microcode 0x0, cx8, cmov, fxsr, mmx, 3dnowpref, sse, sse2, sse3, ssse3, sse4a, sse4.1, sse4.2, popcnt, lzcnt, tsc, tscinvbit, avx, avx2, aes, clmul, bmi1, bmi2, fma, vzeroupper, clflush, hv
Processor Information for the first 4 processors :
  Max Mhz: 2400, Current Mhz: 2400, Mhz Limit: 2400

Memory: 4k page, system-wide physical 7098M (255M free)
TotalPageFile size 17338M (AvailPageFile size 21M)
current process WorkingSet (physical memory assigned to process): 260M, peak: 275M
current process commit charge ("private bytes"): 300M, peak: 465M

vm_info: OpenJDK 64-Bit Server VM (17.0.13+11-LTS) for windows-amd64 JRE (17.0.13+11-LTS), built on Oct 11 2024 23:25:05 by "MicrosoftCorporation" with unknown MS VC++:1939

END.
